[12/13 11:57:09.420] [DEBUG] [AppAssetSchemeHandler:mochiapp] Resource loaded: 7037 bytes, MIME: text/html; charset=utf-8
[12/13 11:57:09.421] [DEBUG] [StandaloneWrapper] mouseReleased event received at (304, 182)
[12/13 11:57:09.423] [DEBUG] [Kernel] mouseReleased at (304, 182)
[12/13 11:57:09.424] [DEBUG] [GestureManager] Dispatch gesture TAP handledIndex=-1 listeners=4
[12/13 11:57:09.427] [ERROR] [ChromiumBrowser] Loading error: mochiapp://mochios/webapp/sample/index.html - ERR_ABORTED
[12/13 11:57:09.427] [DEBUG] [Kernel] Forwarding mouseReleased to ScreenManager
[12/13 11:57:09.428] [DEBUG] [KernelInput] mouseReleased screen latency=3.824ms coord=(304,182)
[12/13 11:57:09.430] [WARN] [KernelInput] mouseReleased total latency=8.332ms coord=(304,182)
[12/13 11:57:09.445] [DEBUG] [AppAssetSchemeHandler:mochiapp] Processing request: mochiapp://mochios/webapp/sample/index.html
[12/13 11:57:09.446] [DEBUG] [AppAssetSchemeHandler:mochiapp] ModId: mochios, Path: webapp/sample/index.html
[12/13 11:57:09.448] [DEBUG] [AppAssetSchemeHandler:mochiapp] Trying to load resource: assets/mochios/webapp/sample/index.html
[12/13 11:57:09.450] [DEBUG] [AppAssetSchemeHandler:mochiapp] Found in class ClassLoader: /assets/mochios/webapp/sample/index.html
[12/13 11:57:09.451] [DEBUG] [AppAssetSchemeHandler:mochiapp] Resource loaded: 7037 bytes, MIME: text/html; charset=utf-8
[12/13 11:57:09.689] [DEBUG] [ChromiumBrowser] Hidden JFrame configured: focusable=false, IME disabled on GLCanvas
[12/13 11:57:09.711] [DEBUG] [ChromiumBrowser] Text input focus and selection detection script injected
[12/13 11:57:09.713] [DEBUG] [ChromiumBrowser] Console message received: [MochiOS:Init] Focus detection script starting
[12/13 11:57:09.714] [DEBUG] [ChromiumBrowser] Console message received: [MochiOS:FocusDebug] tag=BODY, type=undefined, role=null, contentEditable=false, isTextInput=false
[12/13 11:57:09.722] [DEBUG] [ScreenManager] Animation completed - ZOOM_IN
[12/13 11:57:09.726] [DEBUG] [ScreenManager] Animation completed - allowing mochiapp://mochios/webapp/sample/index.html to be drawn
[12/13 11:57:09.727] [DEBUG] [ScreenManager] Animation completed - NONE
[12/13 11:57:09.729] [DEBUG] [ScreenManager] Unhandled animation completion - NONE
[12/13 11:57:09.889] [INFO] [WebScreen:mochios] Reloading URL after GLCanvas initialization: mochiapp://mochios/webapp/sample/index.html
[12/13 11:57:09.901] [DEBUG] [AppAssetSchemeHandler:mochiapp] Processing request: mochiapp://mochios/webapp/sample/index.html
[12/13 11:57:09.902] [DEBUG] [AppAssetSchemeHandler:mochiapp] ModId: mochios, Path: webapp/sample/index.html
[12/13 11:57:09.904] [DEBUG] [AppAssetSchemeHandler:mochiapp] Trying to load resource: assets/mochios/webapp/sample/index.html
[12/13 11:57:09.904] [DEBUG] [AppAssetSchemeHandler:mochiapp] Found in class ClassLoader: /assets/mochios/webapp/sample/index.html
[12/13 11:57:09.906] [DEBUG] [AppAssetSchemeHandler:mochiapp] Resource loaded: 7037 bytes, MIME: text/html; charset=utf-8
[12/13 11:57:09.911] [DEBUG] [ChromiumBrowser] Text input focus and selection detection script injected
[12/13 11:57:09.913] [DEBUG] [ChromiumBrowser] Console message received: [MochiOS:Init] Focus detection script starting
[12/13 11:57:09.914] [DEBUG] [ChromiumBrowser] Console message received: [MochiOS:FocusDebug] tag=BODY, type=undefined, role=null, contentEditable=false, isTextInput=false
