[32156:20112:1217/134901.964:WARNING:account_consistency_mode_manager.cc(72)] Desktop Identity Consistency cannot be enabled as no OAuth client ID and client secret have been configured.
[32156:6924:1217/134902.116:WARNING:leveldb_database.cc(137)] Unable to open C:\Users\dora2\IdeaProjects\MochiMobileOS\standalone\mochi_os_data\system\browser_chromium\cache\Default\shared_proto_db\metadata: IO error: C:\Users\dora2\IdeaProjects\MochiMobileOS\standalone\mochi_os_data\system\browser_chromium\cache\Default\shared_proto_db\metadata/MANIFEST-000001: Unable to create sequential file (ChromeMethodBFE: 7::NewSequentialFile::1)
[32156:6924:1217/134902.121:WARNING:leveldb_database.cc(137)] Unable to open C:\Users\dora2\IdeaProjects\MochiMobileOS\standalone\mochi_os_data\system\browser_chromium\cache\Default\shared_proto_db\metadata: IO error: C:\Users\dora2\IdeaProjects\MochiMobileOS\standalone\mochi_os_data\system\browser_chromium\cache\Default\shared_proto_db\metadata/MANIFEST-000001: Unable to create sequential file (ChromeMethodBFE: 7::NewSequentialFile::1)
[32156:6924:1217/134902.125:WARNING:leveldb_database.cc(137)] Unable to open C:\Users\dora2\IdeaProjects\MochiMobileOS\standalone\mochi_os_data\system\browser_chromium\cache\Default\shared_proto_db\metadata: IO error: C:\Users\dora2\IdeaProjects\MochiMobileOS\standalone\mochi_os_data\system\browser_chromium\cache\Default\shared_proto_db\metadata/MANIFEST-000001: Unable to create sequential file (ChromeMethodBFE: 7::NewSequentialFile::1)
[32156:6924:1217/134902.130:WARNING:leveldb_database.cc(137)] Unable to open C:\Users\dora2\IdeaProjects\MochiMobileOS\standalone\mochi_os_data\system\browser_chromium\cache\Default\shared_proto_db\metadata: IO error: C:\Users\dora2\IdeaProjects\MochiMobileOS\standalone\mochi_os_data\system\browser_chromium\cache\Default\shared_proto_db\metadata/MANIFEST-000001: Unable to create sequential file (ChromeMethodBFE: 7::NewSequentialFile::1)
[32156:6924:1217/134902.275:WARNING:value_store_frontend.cc(47)] Reading ahfgeienlihckogmohjhadlkjgocpleb.alarms from  failed: IO error: .../MANIFEST-000001: Unable to create sequential file (ChromeMethodBFE: 7::NewSequentialFile::1)
[32156:6924:1217/134902.278:WARNING:value_store_frontend.cc(47)] Reading mhjfbmdgcfjbbpaeojofohoefgiehjai.alarms from  failed: IO error: .../MANIFEST-000001: Unable to create sequential file (ChromeMethodBFE: 7::NewSequentialFile::1)
[32156:39552:1217/134904.127:WARNING:backend_impl.cc(1538)] Messed up entry found.
[32156:39552:1217/134904.178:WARNING:backend_impl.cc(1538)] Messed up entry found.
[32156:39552:1217/134904.357:WARNING:backend_impl.cc(1538)] Messed up entry found.
[32156:39552:1217/134904.357:WARNING:backend_impl.cc(1538)] Messed up entry found.
[32156:20112:1217/134906.323:ERROR:device_event_log_impl.cc(202)] [13:49:06.315] USB: usb_service_win.cc:105 SetupDiGetDeviceProperty({{A45C254E-DF1C-4EFD-8020-67D146A850E0}, 6}) failed: 要素が見つかりません。 (0x490)
[32156:22212:1217/134906.466:WARNING:leveldb_database.cc(137)] Unable to open C:\Users\dora2\IdeaProjects\MochiMobileOS\standalone\mochi_os_data\system\browser_chromium\cache\Default\GCM Store\Encryption: IO error: C:\Users\dora2\IdeaProjects\MochiMobileOS\standalone\mochi_os_data\system\browser_chromium\cache\Default\GCM Store\Encryption/MANIFEST-000001: Unable to create sequential file (ChromeMethodBFE: 7::NewSequentialFile::1)
[32156:7820:1217/134908.413:WARNING:browser_info.cc(362)] Returning a speculative frame for [8,9]
[32156:20112:1217/134908.565:WARNING:browser_info.cc(362)] Returning a speculative frame for [8,9]
[32156:20112:1217/134908.567:WARNING:browser_info.cc(362)] Returning a speculative frame for [8,9]
[32156:20112:1217/134908.567:WARNING:browser_info.cc(362)] Returning a speculative frame for [8,9]
[32156:20112:1217/134908.567:WARNING:browser_info.cc(362)] Returning a speculative frame for [8,9]
[32156:20112:1217/134909.072:WARNING:capture_device_ranking.h(255)] Can't initialize the value of media.audio_input.user_preference_ranking because media.default_audio_capture_device isn't registered or is empty
[32156:20112:1217/134909.072:WARNING:capture_device_ranking.h(255)] Can't initialize the value of media.video_input.user_preference_ranking because media.default_video_capture_Device isn't registered or is empty
[32156:20112:1217/134909.073:WARNING:capture_device_ranking.h(255)] Can't initialize the value of media.audio_input.user_preference_ranking because media.default_audio_capture_device isn't registered or is empty
[32156:20112:1217/134909.073:WARNING:capture_device_ranking.h(255)] Can't initialize the value of media.video_input.user_preference_ranking because media.default_video_capture_Device isn't registered or is empty
[32156:7820:1217/134925.698:WARNING:browser_info.cc(362)] Returning a speculative frame for [8,18]
[32156:20112:1217/134925.807:WARNING:browser_info.cc(362)] Returning a speculative frame for [8,18]
[32156:20112:1217/134925.807:WARNING:browser_info.cc(362)] Returning a speculative frame for [8,18]
[32156:20112:1217/134925.807:WARNING:browser_info.cc(362)] Returning a speculative frame for [8,18]
[32156:20112:1217/134925.807:WARNING:browser_info.cc(362)] Returning a speculative frame for [8,18]
[32156:20112:1217/134925.893:WARNING:capture_device_ranking.h(255)] Can't initialize the value of media.audio_input.user_preference_ranking because media.default_audio_capture_device isn't registered or is empty
[32156:20112:1217/134925.893:WARNING:capture_device_ranking.h(255)] Can't initialize the value of media.video_input.user_preference_ranking because media.default_video_capture_Device isn't registered or is empty
[32156:20112:1217/134925.897:WARNING:capture_device_ranking.h(255)] Can't initialize the value of media.audio_input.user_preference_ranking because media.default_audio_capture_device isn't registered or is empty
[32156:20112:1217/134925.897:WARNING:capture_device_ranking.h(255)] Can't initialize the value of media.video_input.user_preference_ranking because media.default_video_capture_Device isn't registered or is empty
[32156:7820:1217/134933.049:WARNING:browser_info.cc(362)] Returning a speculative frame for [8,27]
[32156:20112:1217/134933.148:WARNING:browser_info.cc(362)] Returning a speculative frame for [8,27]
[32156:20112:1217/134933.148:WARNING:browser_info.cc(362)] Returning a speculative frame for [8,27]
[32156:20112:1217/134933.148:WARNING:browser_info.cc(362)] Returning a speculative frame for [8,27]
[32156:20112:1217/134933.148:WARNING:browser_info.cc(362)] Returning a speculative frame for [8,27]
[32156:20112:1217/134933.234:WARNING:capture_device_ranking.h(255)] Can't initialize the value of media.audio_input.user_preference_ranking because media.default_audio_capture_device isn't registered or is empty
[32156:20112:1217/134933.234:WARNING:capture_device_ranking.h(255)] Can't initialize the value of media.video_input.user_preference_ranking because media.default_video_capture_Device isn't registered or is empty
[32156:20112:1217/134933.323:WARNING:capture_device_ranking.h(255)] Can't initialize the value of media.audio_input.user_preference_ranking because media.default_audio_capture_device isn't registered or is empty
[32156:20112:1217/134933.323:WARNING:capture_device_ranking.h(255)] Can't initialize the value of media.video_input.user_preference_ranking because media.default_video_capture_Device isn't registered or is empty
[32156:20112:1217/134940.877:WARNING:capture_device_ranking.h(255)] Can't initialize the value of media.audio_input.user_preference_ranking because media.default_audio_capture_device isn't registered or is empty
[32156:20112:1217/134940.877:WARNING:capture_device_ranking.h(255)] Can't initialize the value of media.video_input.user_preference_ranking because media.default_video_capture_Device isn't registered or is empty
[14240:46640:1217/135025.171:ERROR:shared_image_manager.cc(401)] SharedImageManager::ProduceSkia: Trying to Produce a Skia representation from a non-existent mailbox.
[32156:20112:1217/135041.924:WARNING:capture_device_ranking.h(255)] Can't initialize the value of media.audio_input.user_preference_ranking because media.default_audio_capture_device isn't registered or is empty
[32156:20112:1217/135041.924:WARNING:capture_device_ranking.h(255)] Can't initialize the value of media.video_input.user_preference_ranking because media.default_video_capture_Device isn't registered or is empty
[32156:20112:1217/135049.566:WARNING:capture_device_ranking.h(255)] Can't initialize the value of media.audio_input.user_preference_ranking because media.default_audio_capture_device isn't registered or is empty
[32156:20112:1217/135049.566:WARNING:capture_device_ranking.h(255)] Can't initialize the value of media.video_input.user_preference_ranking because media.default_video_capture_Device isn't registered or is empty
[32156:39552:1217/135248.204:WARNING:backend_impl.cc(1538)] Messed up entry found.
[14240:43688:1217/135248.289:WARNING:angle_platform_impl.cc(54)] HLSLCompiler.cpp:250 (rx::HLSLCompiler::compileToBinary): 
C:\fakepath(137,3-70): warning X3557: loop only executes for 1 iteration(s), forcing loop to unroll

[36868:21036:1217/135302.833:ERROR:command_buffer_proxy_impl.cc(327)] GPU state invalid after WaitForGetOffsetInRange.
